<?xml version="1.0" encoding="UTF-8"?>
<!-- Generated by org.testng.reporters.JUnitReportReporter -->
<testsuite hostname="Coder" failures="0" tests="1" name="TestNG.TestNG_Que2_Verifymail" time="2.558" errors="0" timestamp="2022-02-26T12:10:54 IST" skipped="0">
  <testcase classname="TestNG.TestNG_Que2_Verifymail" name="TestCase002Verifymail" time="2.558"/>
  <system-out/>
</testsuite> <!-- TestNG.TestNG_Que2_Verifymail -->
